<?xml version="1.0" encoding="UTF-8"?>
<!-- Generated by org.testng.reporters.JUnitReportReporter -->
<testsuite hostname="swarpaul-mac" failures="0" tests="1" name="org.selenium.rait.testng.DemoTest2" time="0.004" errors="0" timestamp="2023-01-03T16:37:02 IST" skipped="0">
  <testcase classname="org.selenium.rait.testng.DemoTest2" name="test2" time="0.004"/>
  <system-out>
    <![CDATA[This is DemoTest2 test method2]]>
  </system-out>
</testsuite> <!-- org.selenium.rait.testng.DemoTest2 -->
