<?xml version="1.0" encoding="UTF-8"?>
<!-- Generated by org.testng.reporters.JUnitReportReporter -->
<testsuite hostname="swarpaul-mac" failures="0" tests="2" name="org.selenium.rait.testng.DemoTest1" time="0.004" errors="0" timestamp="2023-01-03T16:33:18 IST" skipped="0">
  <testcase classname="org.selenium.rait.testng.DemoTest1" name="test2" time="0.001"/>
  <system-out>
    <![CDATA[This is DemoTest1 test method2]]>
  </system-out>
  <testcase classname="org.selenium.rait.testng.DemoTest1" name="test1" time="0.003"/>
  <system-out>
    <![CDATA[This is DemoTest1 test method1]]>
  </system-out>
</testsuite> <!-- org.selenium.rait.testng.DemoTest1 -->
