<?xml version="1.0" encoding="UTF-8"?>
<!-- Generated by org.testng.reporters.JUnitReportReporter -->
<testsuite hostname="swarpaul-mac" failures="0" tests="2" name="org.selenium.rait.testng.DemoTest" time="0.005" errors="0" timestamp="2023-01-03T16:28:02 IST" skipped="0">
  <testcase classname="org.selenium.rait.testng.DemoTest" name="test1" time="0.003"/>
  <system-out>
    <![CDATA[This is test method1]]>
  </system-out>
  <testcase classname="org.selenium.rait.testng.DemoTest" name="test2" time="0.002"/>
  <system-out>
    <![CDATA[This is test method2]]>
  </system-out>
</testsuite> <!-- org.selenium.rait.testng.DemoTest -->
